2019-12-04 09:56:48,733 INFO 5981 [Timer] /work/coding/learn/egg-hacker/node_modules/egg-multipart/app/schedule/clean_tmpdir.js next time will execute after 66791272ms at 2019-12-05 04:30:00.005
2019-12-04 09:56:48,734 INFO 5981 [Timer] /work/coding/learn/egg-hacker/node_modules/egg-logrotator/app/schedule/clean_log.js next time will execute after 50591266ms at 2019-12-05 00:00:00.000
2019-12-04 09:56:48,735 INFO 5981 [Timer] /work/coding/learn/egg-hacker/node_modules/egg-logrotator/app/schedule/rotate_by_file.js next time will execute after 50592266ms at 2019-12-05 00:00:01.001
2019-12-04 09:56:48,608 INFO 5985 [egg-schedule]: register schedule /work/coding/learn/egg-hacker/node_modules/egg-multipart/app/schedule/clean_tmpdir.js
2019-12-04 09:56:48,608 INFO 5985 [egg-schedule]: register schedule /work/coding/learn/egg-hacker/node_modules/egg-logrotator/app/schedule/clean_log.js
2019-12-04 09:56:48,608 INFO 5985 [egg-schedule]: register schedule /work/coding/learn/egg-hacker/node_modules/egg-logrotator/app/schedule/rotate_by_file.js
2019-12-04 09:57:20,382 INFO 5989 [egg-schedule]: register schedule /work/coding/learn/egg-hacker/node_modules/egg-multipart/app/schedule/clean_tmpdir.js
2019-12-04 09:57:20,382 INFO 5989 [egg-schedule]: register schedule /work/coding/learn/egg-hacker/node_modules/egg-logrotator/app/schedule/clean_log.js
2019-12-04 09:57:20,382 INFO 5989 [egg-schedule]: register schedule /work/coding/learn/egg-hacker/node_modules/egg-logrotator/app/schedule/rotate_by_file.js
2019-12-04 09:57:28,269 INFO 6012 [Timer] /work/coding/learn/egg-hacker/node_modules/egg-multipart/app/schedule/clean_tmpdir.js next time will execute after 66751734ms at 2019-12-05 04:30:00.002
2019-12-04 09:57:28,269 INFO 6012 [Timer] /work/coding/learn/egg-hacker/node_modules/egg-logrotator/app/schedule/clean_log.js next time will execute after 50551731ms at 2019-12-05 00:00:00.000
2019-12-04 09:57:28,269 INFO 6012 [Timer] /work/coding/learn/egg-hacker/node_modules/egg-logrotator/app/schedule/rotate_by_file.js next time will execute after 50552731ms at 2019-12-05 00:00:01.000
2019-12-04 09:57:28,176 INFO 6013 [egg-schedule]: register schedule /work/coding/learn/egg-hacker/node_modules/egg-multipart/app/schedule/clean_tmpdir.js
2019-12-04 09:57:28,176 INFO 6013 [egg-schedule]: register schedule /work/coding/learn/egg-hacker/node_modules/egg-logrotator/app/schedule/clean_log.js
2019-12-04 09:57:28,176 INFO 6013 [egg-schedule]: register schedule /work/coding/learn/egg-hacker/node_modules/egg-logrotator/app/schedule/rotate_by_file.js
2019-12-04 10:01:01,467 INFO 6505 [egg-schedule]: register schedule /work/coding/learn/egg-hacker/node_modules/egg-multipart/app/schedule/clean_tmpdir.js
2019-12-04 10:01:01,467 INFO 6505 [egg-schedule]: register schedule /work/coding/learn/egg-hacker/node_modules/egg-logrotator/app/schedule/clean_log.js
2019-12-04 10:01:01,467 INFO 6505 [egg-schedule]: register schedule /work/coding/learn/egg-hacker/node_modules/egg-logrotator/app/schedule/rotate_by_file.js
2019-12-04 10:01:08,655 INFO 6508 [egg-schedule]: register schedule /work/coding/learn/egg-hacker/node_modules/egg-multipart/app/schedule/clean_tmpdir.js
2019-12-04 10:01:08,655 INFO 6508 [egg-schedule]: register schedule /work/coding/learn/egg-hacker/node_modules/egg-logrotator/app/schedule/clean_log.js
2019-12-04 10:01:08,655 INFO 6508 [egg-schedule]: register schedule /work/coding/learn/egg-hacker/node_modules/egg-logrotator/app/schedule/rotate_by_file.js
2019-12-04 10:01:15,270 INFO 6509 [egg-schedule]: register schedule /work/coding/learn/egg-hacker/node_modules/egg-multipart/app/schedule/clean_tmpdir.js
2019-12-04 10:01:15,270 INFO 6509 [egg-schedule]: register schedule /work/coding/learn/egg-hacker/node_modules/egg-logrotator/app/schedule/clean_log.js
2019-12-04 10:01:15,270 INFO 6509 [egg-schedule]: register schedule /work/coding/learn/egg-hacker/node_modules/egg-logrotator/app/schedule/rotate_by_file.js
2019-12-04 10:01:24,176 INFO 6510 [egg-schedule]: register schedule /work/coding/learn/egg-hacker/node_modules/egg-multipart/app/schedule/clean_tmpdir.js
2019-12-04 10:01:24,176 INFO 6510 [egg-schedule]: register schedule /work/coding/learn/egg-hacker/node_modules/egg-logrotator/app/schedule/clean_log.js
2019-12-04 10:01:24,176 INFO 6510 [egg-schedule]: register schedule /work/coding/learn/egg-hacker/node_modules/egg-logrotator/app/schedule/rotate_by_file.js
2019-12-04 10:01:27,515 INFO 6511 [egg-schedule]: register schedule /work/coding/learn/egg-hacker/node_modules/egg-multipart/app/schedule/clean_tmpdir.js
2019-12-04 10:01:27,515 INFO 6511 [egg-schedule]: register schedule /work/coding/learn/egg-hacker/node_modules/egg-logrotator/app/schedule/clean_log.js
2019-12-04 10:01:27,515 INFO 6511 [egg-schedule]: register schedule /work/coding/learn/egg-hacker/node_modules/egg-logrotator/app/schedule/rotate_by_file.js
2019-12-04 10:01:32,622 INFO 6512 [egg-schedule]: register schedule /work/coding/learn/egg-hacker/node_modules/egg-multipart/app/schedule/clean_tmpdir.js
2019-12-04 10:01:32,622 INFO 6512 [egg-schedule]: register schedule /work/coding/learn/egg-hacker/node_modules/egg-logrotator/app/schedule/clean_log.js
2019-12-04 10:01:32,622 INFO 6512 [egg-schedule]: register schedule /work/coding/learn/egg-hacker/node_modules/egg-logrotator/app/schedule/rotate_by_file.js
2019-12-04 10:01:37,704 INFO 6519 [egg-schedule]: register schedule /work/coding/learn/egg-hacker/node_modules/egg-multipart/app/schedule/clean_tmpdir.js
2019-12-04 10:01:37,704 INFO 6519 [egg-schedule]: register schedule /work/coding/learn/egg-hacker/node_modules/egg-logrotator/app/schedule/clean_log.js
2019-12-04 10:01:37,704 INFO 6519 [egg-schedule]: register schedule /work/coding/learn/egg-hacker/node_modules/egg-logrotator/app/schedule/rotate_by_file.js
2019-12-04 10:01:50,843 INFO 6521 [egg-schedule]: register schedule /work/coding/learn/egg-hacker/node_modules/egg-multipart/app/schedule/clean_tmpdir.js
2019-12-04 10:01:50,843 INFO 6521 [egg-schedule]: register schedule /work/coding/learn/egg-hacker/node_modules/egg-logrotator/app/schedule/clean_log.js
2019-12-04 10:01:50,843 INFO 6521 [egg-schedule]: register schedule /work/coding/learn/egg-hacker/node_modules/egg-logrotator/app/schedule/rotate_by_file.js
2019-12-04 10:01:54,713 INFO 6522 [egg-schedule]: register schedule /work/coding/learn/egg-hacker/node_modules/egg-multipart/app/schedule/clean_tmpdir.js
2019-12-04 10:01:54,713 INFO 6522 [egg-schedule]: register schedule /work/coding/learn/egg-hacker/node_modules/egg-logrotator/app/schedule/clean_log.js
2019-12-04 10:01:54,713 INFO 6522 [egg-schedule]: register schedule /work/coding/learn/egg-hacker/node_modules/egg-logrotator/app/schedule/rotate_by_file.js
2019-12-04 10:01:58,711 INFO 6523 [egg-schedule]: register schedule /work/coding/learn/egg-hacker/node_modules/egg-multipart/app/schedule/clean_tmpdir.js
2019-12-04 10:01:58,711 INFO 6523 [egg-schedule]: register schedule /work/coding/learn/egg-hacker/node_modules/egg-logrotator/app/schedule/clean_log.js
2019-12-04 10:01:58,711 INFO 6523 [egg-schedule]: register schedule /work/coding/learn/egg-hacker/node_modules/egg-logrotator/app/schedule/rotate_by_file.js
2019-12-04 10:02:02,767 INFO 6524 [egg-schedule]: register schedule /work/coding/learn/egg-hacker/node_modules/egg-multipart/app/schedule/clean_tmpdir.js
2019-12-04 10:02:02,767 INFO 6524 [egg-schedule]: register schedule /work/coding/learn/egg-hacker/node_modules/egg-logrotator/app/schedule/clean_log.js
2019-12-04 10:02:02,767 INFO 6524 [egg-schedule]: register schedule /work/coding/learn/egg-hacker/node_modules/egg-logrotator/app/schedule/rotate_by_file.js
2019-12-04 10:02:04,138 INFO 6525 [egg-schedule]: register schedule /work/coding/learn/egg-hacker/node_modules/egg-multipart/app/schedule/clean_tmpdir.js
2019-12-04 10:02:04,138 INFO 6525 [egg-schedule]: register schedule /work/coding/learn/egg-hacker/node_modules/egg-logrotator/app/schedule/clean_log.js
2019-12-04 10:02:04,138 INFO 6525 [egg-schedule]: register schedule /work/coding/learn/egg-hacker/node_modules/egg-logrotator/app/schedule/rotate_by_file.js
2019-12-04 10:02:18,692 INFO 6528 [egg-schedule]: register schedule /work/coding/learn/egg-hacker/node_modules/egg-multipart/app/schedule/clean_tmpdir.js
2019-12-04 10:02:18,692 INFO 6528 [egg-schedule]: register schedule /work/coding/learn/egg-hacker/node_modules/egg-logrotator/app/schedule/clean_log.js
2019-12-04 10:02:18,692 INFO 6528 [egg-schedule]: register schedule /work/coding/learn/egg-hacker/node_modules/egg-logrotator/app/schedule/rotate_by_file.js
2019-12-04 10:02:22,829 INFO 6529 [egg-schedule]: register schedule /work/coding/learn/egg-hacker/node_modules/egg-multipart/app/schedule/clean_tmpdir.js
2019-12-04 10:02:22,829 INFO 6529 [egg-schedule]: register schedule /work/coding/learn/egg-hacker/node_modules/egg-logrotator/app/schedule/clean_log.js
2019-12-04 10:02:22,829 INFO 6529 [egg-schedule]: register schedule /work/coding/learn/egg-hacker/node_modules/egg-logrotator/app/schedule/rotate_by_file.js
2019-12-04 10:02:31,415 INFO 6532 [egg-schedule]: register schedule /work/coding/learn/egg-hacker/node_modules/egg-multipart/app/schedule/clean_tmpdir.js
2019-12-04 10:02:31,415 INFO 6532 [egg-schedule]: register schedule /work/coding/learn/egg-hacker/node_modules/egg-logrotator/app/schedule/clean_log.js
2019-12-04 10:02:31,415 INFO 6532 [egg-schedule]: register schedule /work/coding/learn/egg-hacker/node_modules/egg-logrotator/app/schedule/rotate_by_file.js
2019-12-04 10:11:25,152 INFO 6760 [egg-schedule]: register schedule /work/coding/learn/egg-hacker/node_modules/egg-multipart/app/schedule/clean_tmpdir.js
2019-12-04 10:11:25,152 INFO 6760 [egg-schedule]: register schedule /work/coding/learn/egg-hacker/node_modules/egg-logrotator/app/schedule/clean_log.js
2019-12-04 10:11:25,152 INFO 6760 [egg-schedule]: register schedule /work/coding/learn/egg-hacker/node_modules/egg-logrotator/app/schedule/rotate_by_file.js
2019-12-04 10:11:39,301 INFO 6765 [egg-schedule]: register schedule /work/coding/learn/egg-hacker/node_modules/egg-multipart/app/schedule/clean_tmpdir.js
2019-12-04 10:11:39,301 INFO 6765 [egg-schedule]: register schedule /work/coding/learn/egg-hacker/node_modules/egg-logrotator/app/schedule/clean_log.js
2019-12-04 10:11:39,301 INFO 6765 [egg-schedule]: register schedule /work/coding/learn/egg-hacker/node_modules/egg-logrotator/app/schedule/rotate_by_file.js
2019-12-04 10:11:44,789 INFO 6772 [egg-schedule]: register schedule /work/coding/learn/egg-hacker/node_modules/egg-multipart/app/schedule/clean_tmpdir.js
2019-12-04 10:11:44,789 INFO 6772 [egg-schedule]: register schedule /work/coding/learn/egg-hacker/node_modules/egg-logrotator/app/schedule/clean_log.js
2019-12-04 10:11:44,789 INFO 6772 [egg-schedule]: register schedule /work/coding/learn/egg-hacker/node_modules/egg-logrotator/app/schedule/rotate_by_file.js
2019-12-04 10:12:01,382 INFO 6775 [egg-schedule]: register schedule /work/coding/learn/egg-hacker/node_modules/egg-multipart/app/schedule/clean_tmpdir.js
2019-12-04 10:12:01,382 INFO 6775 [egg-schedule]: register schedule /work/coding/learn/egg-hacker/node_modules/egg-logrotator/app/schedule/clean_log.js
2019-12-04 10:12:01,382 INFO 6775 [egg-schedule]: register schedule /work/coding/learn/egg-hacker/node_modules/egg-logrotator/app/schedule/rotate_by_file.js
2019-12-04 10:12:08,825 INFO 6777 [egg-schedule]: register schedule /work/coding/learn/egg-hacker/node_modules/egg-multipart/app/schedule/clean_tmpdir.js
2019-12-04 10:12:08,825 INFO 6777 [egg-schedule]: register schedule /work/coding/learn/egg-hacker/node_modules/egg-logrotator/app/schedule/clean_log.js
2019-12-04 10:12:08,825 INFO 6777 [egg-schedule]: register schedule /work/coding/learn/egg-hacker/node_modules/egg-logrotator/app/schedule/rotate_by_file.js
2019-12-04 10:12:19,794 INFO 6781 [egg-schedule]: register schedule /work/coding/learn/egg-hacker/node_modules/egg-multipart/app/schedule/clean_tmpdir.js
2019-12-04 10:12:19,794 INFO 6781 [egg-schedule]: register schedule /work/coding/learn/egg-hacker/node_modules/egg-logrotator/app/schedule/clean_log.js
2019-12-04 10:12:19,794 INFO 6781 [egg-schedule]: register schedule /work/coding/learn/egg-hacker/node_modules/egg-logrotator/app/schedule/rotate_by_file.js
2019-12-04 10:12:21,807 INFO 6782 [egg-schedule]: register schedule /work/coding/learn/egg-hacker/node_modules/egg-multipart/app/schedule/clean_tmpdir.js
2019-12-04 10:12:21,807 INFO 6782 [egg-schedule]: register schedule /work/coding/learn/egg-hacker/node_modules/egg-logrotator/app/schedule/clean_log.js
2019-12-04 10:12:21,807 INFO 6782 [egg-schedule]: register schedule /work/coding/learn/egg-hacker/node_modules/egg-logrotator/app/schedule/rotate_by_file.js
2019-12-04 10:12:24,057 INFO 6783 [egg-schedule]: register schedule /work/coding/learn/egg-hacker/node_modules/egg-multipart/app/schedule/clean_tmpdir.js
2019-12-04 10:12:24,057 INFO 6783 [egg-schedule]: register schedule /work/coding/learn/egg-hacker/node_modules/egg-logrotator/app/schedule/clean_log.js
2019-12-04 10:12:24,057 INFO 6783 [egg-schedule]: register schedule /work/coding/learn/egg-hacker/node_modules/egg-logrotator/app/schedule/rotate_by_file.js
2019-12-04 10:12:25,945 INFO 6784 [egg-schedule]: register schedule /work/coding/learn/egg-hacker/node_modules/egg-multipart/app/schedule/clean_tmpdir.js
2019-12-04 10:12:25,945 INFO 6784 [egg-schedule]: register schedule /work/coding/learn/egg-hacker/node_modules/egg-logrotator/app/schedule/clean_log.js
2019-12-04 10:12:25,945 INFO 6784 [egg-schedule]: register schedule /work/coding/learn/egg-hacker/node_modules/egg-logrotator/app/schedule/rotate_by_file.js
2019-12-04 10:12:29,628 INFO 6785 [egg-schedule]: register schedule /work/coding/learn/egg-hacker/node_modules/egg-multipart/app/schedule/clean_tmpdir.js
2019-12-04 10:12:29,628 INFO 6785 [egg-schedule]: register schedule /work/coding/learn/egg-hacker/node_modules/egg-logrotator/app/schedule/clean_log.js
2019-12-04 10:12:29,628 INFO 6785 [egg-schedule]: register schedule /work/coding/learn/egg-hacker/node_modules/egg-logrotator/app/schedule/rotate_by_file.js
2019-12-04 10:12:31,178 INFO 6786 [egg-schedule]: register schedule /work/coding/learn/egg-hacker/node_modules/egg-multipart/app/schedule/clean_tmpdir.js
2019-12-04 10:12:31,178 INFO 6786 [egg-schedule]: register schedule /work/coding/learn/egg-hacker/node_modules/egg-logrotator/app/schedule/clean_log.js
2019-12-04 10:12:31,178 INFO 6786 [egg-schedule]: register schedule /work/coding/learn/egg-hacker/node_modules/egg-logrotator/app/schedule/rotate_by_file.js
2019-12-04 10:12:35,034 INFO 6787 [egg-schedule]: register schedule /work/coding/learn/egg-hacker/node_modules/egg-multipart/app/schedule/clean_tmpdir.js
2019-12-04 10:12:35,034 INFO 6787 [egg-schedule]: register schedule /work/coding/learn/egg-hacker/node_modules/egg-logrotator/app/schedule/clean_log.js
2019-12-04 10:12:35,035 INFO 6787 [egg-schedule]: register schedule /work/coding/learn/egg-hacker/node_modules/egg-logrotator/app/schedule/rotate_by_file.js
2019-12-04 10:12:41,004 INFO 6788 [egg-schedule]: register schedule /work/coding/learn/egg-hacker/node_modules/egg-multipart/app/schedule/clean_tmpdir.js
2019-12-04 10:12:41,004 INFO 6788 [egg-schedule]: register schedule /work/coding/learn/egg-hacker/node_modules/egg-logrotator/app/schedule/clean_log.js
2019-12-04 10:12:41,004 INFO 6788 [egg-schedule]: register schedule /work/coding/learn/egg-hacker/node_modules/egg-logrotator/app/schedule/rotate_by_file.js
2019-12-04 10:12:44,153 INFO 6789 [egg-schedule]: register schedule /work/coding/learn/egg-hacker/node_modules/egg-multipart/app/schedule/clean_tmpdir.js
2019-12-04 10:12:44,153 INFO 6789 [egg-schedule]: register schedule /work/coding/learn/egg-hacker/node_modules/egg-logrotator/app/schedule/clean_log.js
2019-12-04 10:12:44,153 INFO 6789 [egg-schedule]: register schedule /work/coding/learn/egg-hacker/node_modules/egg-logrotator/app/schedule/rotate_by_file.js
2019-12-04 10:12:48,558 INFO 6796 [egg-schedule]: register schedule /work/coding/learn/egg-hacker/node_modules/egg-multipart/app/schedule/clean_tmpdir.js
2019-12-04 10:12:48,558 INFO 6796 [egg-schedule]: register schedule /work/coding/learn/egg-hacker/node_modules/egg-logrotator/app/schedule/clean_log.js
2019-12-04 10:12:48,558 INFO 6796 [egg-schedule]: register schedule /work/coding/learn/egg-hacker/node_modules/egg-logrotator/app/schedule/rotate_by_file.js
2019-12-04 10:12:50,931 INFO 6797 [egg-schedule]: register schedule /work/coding/learn/egg-hacker/node_modules/egg-multipart/app/schedule/clean_tmpdir.js
2019-12-04 10:12:50,931 INFO 6797 [egg-schedule]: register schedule /work/coding/learn/egg-hacker/node_modules/egg-logrotator/app/schedule/clean_log.js
2019-12-04 10:12:50,931 INFO 6797 [egg-schedule]: register schedule /work/coding/learn/egg-hacker/node_modules/egg-logrotator/app/schedule/rotate_by_file.js
2019-12-04 10:12:52,169 INFO 6798 [egg-schedule]: register schedule /work/coding/learn/egg-hacker/node_modules/egg-multipart/app/schedule/clean_tmpdir.js
2019-12-04 10:12:52,169 INFO 6798 [egg-schedule]: register schedule /work/coding/learn/egg-hacker/node_modules/egg-logrotator/app/schedule/clean_log.js
2019-12-04 10:12:52,169 INFO 6798 [egg-schedule]: register schedule /work/coding/learn/egg-hacker/node_modules/egg-logrotator/app/schedule/rotate_by_file.js
2019-12-04 10:12:53,977 INFO 6799 [egg-schedule]: register schedule /work/coding/learn/egg-hacker/node_modules/egg-multipart/app/schedule/clean_tmpdir.js
2019-12-04 10:12:53,977 INFO 6799 [egg-schedule]: register schedule /work/coding/learn/egg-hacker/node_modules/egg-logrotator/app/schedule/clean_log.js
2019-12-04 10:12:53,977 INFO 6799 [egg-schedule]: register schedule /work/coding/learn/egg-hacker/node_modules/egg-logrotator/app/schedule/rotate_by_file.js
2019-12-04 10:12:58,981 INFO 6801 [egg-schedule]: register schedule /work/coding/learn/egg-hacker/node_modules/egg-multipart/app/schedule/clean_tmpdir.js
2019-12-04 10:12:58,981 INFO 6801 [egg-schedule]: register schedule /work/coding/learn/egg-hacker/node_modules/egg-logrotator/app/schedule/clean_log.js
2019-12-04 10:12:58,981 INFO 6801 [egg-schedule]: register schedule /work/coding/learn/egg-hacker/node_modules/egg-logrotator/app/schedule/rotate_by_file.js
2019-12-04 10:13:00,658 INFO 6802 [egg-schedule]: register schedule /work/coding/learn/egg-hacker/node_modules/egg-multipart/app/schedule/clean_tmpdir.js
2019-12-04 10:13:00,658 INFO 6802 [egg-schedule]: register schedule /work/coding/learn/egg-hacker/node_modules/egg-logrotator/app/schedule/clean_log.js
2019-12-04 10:13:00,658 INFO 6802 [egg-schedule]: register schedule /work/coding/learn/egg-hacker/node_modules/egg-logrotator/app/schedule/rotate_by_file.js
2019-12-04 10:13:02,937 INFO 6803 [egg-schedule]: register schedule /work/coding/learn/egg-hacker/node_modules/egg-multipart/app/schedule/clean_tmpdir.js
2019-12-04 10:13:02,937 INFO 6803 [egg-schedule]: register schedule /work/coding/learn/egg-hacker/node_modules/egg-logrotator/app/schedule/clean_log.js
2019-12-04 10:13:02,937 INFO 6803 [egg-schedule]: register schedule /work/coding/learn/egg-hacker/node_modules/egg-logrotator/app/schedule/rotate_by_file.js
2019-12-04 10:13:04,576 INFO 6804 [egg-schedule]: register schedule /work/coding/learn/egg-hacker/node_modules/egg-multipart/app/schedule/clean_tmpdir.js
2019-12-04 10:13:04,576 INFO 6804 [egg-schedule]: register schedule /work/coding/learn/egg-hacker/node_modules/egg-logrotator/app/schedule/clean_log.js
2019-12-04 10:13:04,576 INFO 6804 [egg-schedule]: register schedule /work/coding/learn/egg-hacker/node_modules/egg-logrotator/app/schedule/rotate_by_file.js
2019-12-04 10:13:12,339 INFO 6805 [egg-schedule]: register schedule /work/coding/learn/egg-hacker/node_modules/egg-multipart/app/schedule/clean_tmpdir.js
2019-12-04 10:13:12,339 INFO 6805 [egg-schedule]: register schedule /work/coding/learn/egg-hacker/node_modules/egg-logrotator/app/schedule/clean_log.js
2019-12-04 10:13:12,339 INFO 6805 [egg-schedule]: register schedule /work/coding/learn/egg-hacker/node_modules/egg-logrotator/app/schedule/rotate_by_file.js
2019-12-04 10:13:20,399 INFO 6806 [egg-schedule]: register schedule /work/coding/learn/egg-hacker/node_modules/egg-multipart/app/schedule/clean_tmpdir.js
2019-12-04 10:13:20,399 INFO 6806 [egg-schedule]: register schedule /work/coding/learn/egg-hacker/node_modules/egg-logrotator/app/schedule/clean_log.js
2019-12-04 10:13:20,399 INFO 6806 [egg-schedule]: register schedule /work/coding/learn/egg-hacker/node_modules/egg-logrotator/app/schedule/rotate_by_file.js
2019-12-04 10:13:23,198 INFO 6807 [egg-schedule]: register schedule /work/coding/learn/egg-hacker/node_modules/egg-multipart/app/schedule/clean_tmpdir.js
2019-12-04 10:13:23,198 INFO 6807 [egg-schedule]: register schedule /work/coding/learn/egg-hacker/node_modules/egg-logrotator/app/schedule/clean_log.js
2019-12-04 10:13:23,198 INFO 6807 [egg-schedule]: register schedule /work/coding/learn/egg-hacker/node_modules/egg-logrotator/app/schedule/rotate_by_file.js
2019-12-04 10:13:25,451 INFO 6808 [egg-schedule]: register schedule /work/coding/learn/egg-hacker/node_modules/egg-multipart/app/schedule/clean_tmpdir.js
2019-12-04 10:13:25,451 INFO 6808 [egg-schedule]: register schedule /work/coding/learn/egg-hacker/node_modules/egg-logrotator/app/schedule/clean_log.js
2019-12-04 10:13:25,451 INFO 6808 [egg-schedule]: register schedule /work/coding/learn/egg-hacker/node_modules/egg-logrotator/app/schedule/rotate_by_file.js
2019-12-04 10:13:28,620 INFO 6809 [egg-schedule]: register schedule /work/coding/learn/egg-hacker/node_modules/egg-multipart/app/schedule/clean_tmpdir.js
2019-12-04 10:13:28,620 INFO 6809 [egg-schedule]: register schedule /work/coding/learn/egg-hacker/node_modules/egg-logrotator/app/schedule/clean_log.js
2019-12-04 10:13:28,620 INFO 6809 [egg-schedule]: register schedule /work/coding/learn/egg-hacker/node_modules/egg-logrotator/app/schedule/rotate_by_file.js
2019-12-04 10:13:31,126 INFO 6810 [egg-schedule]: register schedule /work/coding/learn/egg-hacker/node_modules/egg-multipart/app/schedule/clean_tmpdir.js
2019-12-04 10:13:31,126 INFO 6810 [egg-schedule]: register schedule /work/coding/learn/egg-hacker/node_modules/egg-logrotator/app/schedule/clean_log.js
2019-12-04 10:13:31,126 INFO 6810 [egg-schedule]: register schedule /work/coding/learn/egg-hacker/node_modules/egg-logrotator/app/schedule/rotate_by_file.js
2019-12-04 10:13:35,576 INFO 6811 [egg-schedule]: register schedule /work/coding/learn/egg-hacker/node_modules/egg-multipart/app/schedule/clean_tmpdir.js
2019-12-04 10:13:35,576 INFO 6811 [egg-schedule]: register schedule /work/coding/learn/egg-hacker/node_modules/egg-logrotator/app/schedule/clean_log.js
2019-12-04 10:13:35,576 INFO 6811 [egg-schedule]: register schedule /work/coding/learn/egg-hacker/node_modules/egg-logrotator/app/schedule/rotate_by_file.js
2019-12-04 10:13:44,241 INFO 6812 [egg-schedule]: register schedule /work/coding/learn/egg-hacker/node_modules/egg-multipart/app/schedule/clean_tmpdir.js
2019-12-04 10:13:44,241 INFO 6812 [egg-schedule]: register schedule /work/coding/learn/egg-hacker/node_modules/egg-logrotator/app/schedule/clean_log.js
2019-12-04 10:13:44,241 INFO 6812 [egg-schedule]: register schedule /work/coding/learn/egg-hacker/node_modules/egg-logrotator/app/schedule/rotate_by_file.js
2019-12-04 10:13:52,178 INFO 6821 [egg-schedule]: register schedule /work/coding/learn/egg-hacker/node_modules/egg-multipart/app/schedule/clean_tmpdir.js
2019-12-04 10:13:52,179 INFO 6821 [egg-schedule]: register schedule /work/coding/learn/egg-hacker/node_modules/egg-logrotator/app/schedule/clean_log.js
2019-12-04 10:13:52,179 INFO 6821 [egg-schedule]: register schedule /work/coding/learn/egg-hacker/node_modules/egg-logrotator/app/schedule/rotate_by_file.js
2019-12-04 10:13:52,918 INFO 6822 [egg-schedule]: register schedule /work/coding/learn/egg-hacker/node_modules/egg-multipart/app/schedule/clean_tmpdir.js
2019-12-04 10:13:52,918 INFO 6822 [egg-schedule]: register schedule /work/coding/learn/egg-hacker/node_modules/egg-logrotator/app/schedule/clean_log.js
2019-12-04 10:13:52,918 INFO 6822 [egg-schedule]: register schedule /work/coding/learn/egg-hacker/node_modules/egg-logrotator/app/schedule/rotate_by_file.js
2019-12-04 10:14:26,779 INFO 6834 [egg-schedule]: register schedule /work/coding/learn/egg-hacker/node_modules/egg-multipart/app/schedule/clean_tmpdir.js
2019-12-04 10:14:26,779 INFO 6834 [egg-schedule]: register schedule /work/coding/learn/egg-hacker/node_modules/egg-logrotator/app/schedule/clean_log.js
2019-12-04 10:14:26,779 INFO 6834 [egg-schedule]: register schedule /work/coding/learn/egg-hacker/node_modules/egg-logrotator/app/schedule/rotate_by_file.js
2019-12-04 10:35:02,225 INFO 7132 [Timer] /work/coding/learn/egg-hacker/node_modules/egg-multipart/app/schedule/clean_tmpdir.js next time will execute after 64497779ms at 2019-12-05 04:30:00.004
2019-12-04 10:35:02,225 INFO 7132 [Timer] /work/coding/learn/egg-hacker/node_modules/egg-logrotator/app/schedule/clean_log.js next time will execute after 48297775ms at 2019-12-05 00:00:00.000
2019-12-04 10:35:02,226 INFO 7132 [Timer] /work/coding/learn/egg-hacker/node_modules/egg-logrotator/app/schedule/rotate_by_file.js next time will execute after 48298775ms at 2019-12-05 00:00:01.001
2019-12-04 10:35:02,122 INFO 7136 [egg-schedule]: register schedule /work/coding/learn/egg-hacker/node_modules/egg-multipart/app/schedule/clean_tmpdir.js
2019-12-04 10:35:02,122 INFO 7136 [egg-schedule]: register schedule /work/coding/learn/egg-hacker/node_modules/egg-logrotator/app/schedule/clean_log.js
2019-12-04 10:35:02,122 INFO 7136 [egg-schedule]: register schedule /work/coding/learn/egg-hacker/node_modules/egg-logrotator/app/schedule/rotate_by_file.js
2019-12-04 10:35:22,358 INFO 7145 [egg-schedule]: register schedule /work/coding/learn/egg-hacker/node_modules/egg-multipart/app/schedule/clean_tmpdir.js
2019-12-04 10:35:22,358 INFO 7145 [egg-schedule]: register schedule /work/coding/learn/egg-hacker/node_modules/egg-logrotator/app/schedule/clean_log.js
2019-12-04 10:35:22,358 INFO 7145 [egg-schedule]: register schedule /work/coding/learn/egg-hacker/node_modules/egg-logrotator/app/schedule/rotate_by_file.js
2019-12-04 10:37:10,558 INFO 7164 [egg-schedule]: register schedule /work/coding/learn/egg-hacker/node_modules/egg-multipart/app/schedule/clean_tmpdir.js
2019-12-04 10:37:10,558 INFO 7164 [egg-schedule]: register schedule /work/coding/learn/egg-hacker/node_modules/egg-logrotator/app/schedule/clean_log.js
2019-12-04 10:37:10,558 INFO 7164 [egg-schedule]: register schedule /work/coding/learn/egg-hacker/node_modules/egg-logrotator/app/schedule/rotate_by_file.js
